2022-02-18 18:03:07 ERROR::lol
2022-02-18 18:05:00 INFO::hola
2022-02-18 18:05:11 INFO::holaaqui estamos
2022-02-18 18:12:24 INFO:20220218181224:Selecting report file...
2022-02-18 18:12:32 INFO:20220218181224:File selected: D:\CNIC\Proteomica\DataAnalysis\Heteroplasmy_JAEnriquez_NewModules\iSanXotPrueba\Heart-8\reports\ALL\qf_table.tsv
2022-02-18 18:12:32 INFO:20220218181224:Processing report...
2022-02-18 18:12:32 INFO:20220218181224:Report processed
2022-02-18 18:14:42 INFO::quetal, ytu
2022-02-18 18:53:09 INFO:20220218185309:Selecting report file...
2022-02-18 18:53:14 INFO:20220218185309:File selected: D:\CNIC\Proteomica\DataAnalysis\Heteroplasmy_JAEnriquez_NewModules\iSanXotPrueba\Heart-8\reports\ALL\qf_table.tsv
2022-02-18 18:53:14 INFO:20220218185309:Processing report...
2022-02-18 18:53:14 INFO:20220218185309:Report processed
2022-02-18 18:53:46 INFO:20220218185346:Selecting report file...
2022-02-18 18:53:53 INFO:20220218185346:File selected: D:\CNIC\Proteomica\DataAnalysis\Heteroplasmy_JAEnriquez_NewModules\iSanXotPrueba\Heart-8\reports\ALL\pdm_table.tsv
2022-02-18 18:53:53 INFO:20220218185346:Processing report...
2022-02-18 18:53:53 INFO:20220218185346:Report processed
2022-02-18 18:54:00 INFO:20220218185400:Selecting report file...
2022-02-18 18:54:06 INFO:20220218185400:File selected: D:\CNIC\Proteomica\DataAnalysis\Heteroplasmy_JAEnriquez_NewModules\iSanXotPrueba\Heart-8\reports\ALL\qf_table.tsv
2022-02-18 18:54:06 INFO:20220218185400:Processing report...
2022-02-18 18:54:06 INFO:20220218185400:Report processed
2022-02-18 18:55:16 INFO:20220218185516:Selecting report file...
2022-02-18 18:55:22 INFO:20220218185516:File selected: D:\CNIC\Proteomica\DataAnalysis\Heteroplasmy_JAEnriquez_NewModules\iSanXotPrueba\Heart-8\reports\ALL\qf_table.tsv
2022-02-18 18:55:22 INFO:20220218185516:Processing report...
2022-02-18 18:55:22 INFO:20220218185516:Report processed
2022-02-18 18:56:13 INFO:20220218185613:Selecting report file...
2022-02-18 18:56:17 INFO:20220218185613:File selected: D:\CNIC\Proteomica\DataAnalysis\Heteroplasmy_JAEnriquez_NewModules\iSanXotPrueba\Heart-8\reports\ALL\qf_table.tsv
2022-02-18 18:56:17 INFO:20220218185613:Processing report...
2022-02-18 18:56:17 INFO:20220218185613:Report processed
2022-02-18 19:00:53 INFO:20220218190053:Selecting report file...
2022-02-18 19:00:59 INFO:20220218190053:File selected: D:\CNIC\Proteomica\DataAnalysis\Heteroplasmy_JAEnriquez_NewModules\iSanXotPrueba\Heart-8\reports\ALL\qf_table.tsv
2022-02-18 19:00:59 INFO:20220218190053:Processing report...
2022-02-18 19:00:59 INFO:20220218190053:Report processed
2022-02-18 19:09:05 INFO:20220218190905:Selecting report file...
2022-02-18 19:09:10 INFO:20220218190905:File selected: D:\CNIC\Proteomica\DataAnalysis\Heteroplasmy_JAEnriquez_NewModules\iSanXotPrueba\Heart-8\reports\ALL\qf_table.tsv
2022-02-18 19:09:10 INFO:20220218190905:Processing report...
2022-02-18 19:09:10 INFO:20220218190905:Report processed
2022-02-18 19:10:11 INFO:20220218190905:Executing LIMMA...
2022-02-18 19:10:16 INFO:20220218190905:LIMMA applied to Z_pdm2p
2022-02-18 19:10:18 INFO:20220218190905:LIMMA applied to Z_pdm2pdmq
2022-02-18 19:10:18 INFO:20220218190905:Generating output table...
2022-02-18 19:10:26 INFO:20220218190905:Output table was written: D:/CNIC/Proteomica/DataAnalysis/Heteroplasmy_JAEnriquez_NewModules/iSanXotPrueba/Heart-8/reports/ALL/LIMMA_qf_table.tsv
2022-02-18 19:10:26 INFO:20220218190905:LIMMA was executed
2022-02-18 19:11:22 INFO:20220218191122:Selecting report file...
2022-02-18 19:11:27 INFO:20220218191122:File selected: D:\CNIC\Proteomica\DataAnalysis\Heteroplasmy_JAEnriquez_NewModules\iSanXotPrueba\Heart-8\reports\ALL\qf_table.tsv
2022-02-18 19:11:27 INFO:20220218191122:Processing report...
2022-02-18 19:11:27 INFO:20220218191122:Report processed
2022-02-18 19:14:03 INFO:20220218191403:Selecting report file...
2022-02-18 19:14:08 INFO:20220218191403:File selected: D:\CNIC\Proteomica\DataAnalysis\Heteroplasmy_JAEnriquez_NewModules\iSanXotPrueba\Heart-8\reports\ALL\qf_table.tsv
2022-02-18 19:14:08 INFO:20220218191403:Processing report...
2022-02-18 19:14:08 INFO:20220218191403:Report processed
2022-02-18 19:14:26 INFO:20220218191403:Executing LIMMA...
2022-02-18 19:14:31 INFO:20220218191403:LIMMA applied to Z_pdm2p
2022-02-18 19:14:33 INFO:20220218191403:LIMMA applied to Z_pdm2pdmq
2022-02-18 19:14:33 INFO:20220218191403:Generating output table...
2022-02-18 19:14:41 INFO:20220218191403:Output table was written: D:/CNIC/Proteomica/DataAnalysis/Heteroplasmy_JAEnriquez_NewModules/iSanXotPrueba/Heart-8/reports/ALL/LIMMA_qf_table.tsv
2022-02-18 19:14:41 INFO:20220218191403:LIMMA was executed
2022-02-18 19:15:54 INFO:20220218191554:Selecting report file...
2022-02-18 19:15:56 ERROR:20220218191554:File was not selected
